# JRE version: Java(TM) SE Runtime Environment 18.9 (11.0.10+8) (build 11.0.10+8-LTS-162)
# Java VM: Java HotSpot(TM) 64-Bit Server VM 18.9 (11.0.10+8-LTS-162, mixed mode, tiered, compressed oops, parallel gc, windows-amd64)
Heap:
 PSYoungGen      total 22528K, used 25K [0x00000000eab00000, 0x00000000eca80000, 0x0000000100000000)
  eden space 22016K, 0% used [0x00000000eab00000,0x00000000eab066b8,0x00000000ec080000)
  from space 512K, 0% used [0x00000000ec080000,0x00000000ec080000,0x00000000ec100000)
  to   space 4096K, 0% used [0x00000000ec680000,0x00000000ec680000,0x00000000eca80000)
 ParOldGen       total 68608K, used 24323K [0x00000000c0000000, 0x00000000c4300000, 0x00000000eab00000)
  object space 68608K, 35% used [0x00000000c0000000,0x00000000c17c0f78,0x00000000c4300000)
 Metaspace       used 33530K, capacity 35511K, committed 35584K, reserved 1081344K
  class space    used 3142K, capacity 3819K, committed 3840K, reserved 1048576K
GC Heap History (10 events):
Event: 5.525 GC heap before
{Heap before GC invocations=9 (full 1):
 PSYoungGen      total 30720K, used 30710K [0x00000000eab00000, 0x00000000ed480000, 0x0000000100000000)
  eden space 24064K, 100% used [0x00000000eab00000,0x00000000ec280000,0x00000000ec280000)
  from space 6656K, 99% used [0x00000000ec380000,0x00000000ec9fdae8,0x00000000eca00000)
  to   space 9216K, 0% used [0x00000000ecb80000,0x00000000ecb80000,0x00000000ed480000)
 ParOldGen       total 68608K, used 10636K [0x00000000c0000000, 0x00000000c4300000, 0x00000000eab00000)
  object space 68608K, 15% used [0x00000000c0000000,0x00000000c0a630d8,0x00000000c4300000)
 Metaspace       used 30456K, capacity 32239K, committed 32512K, reserved 1079296K
  class space    used 2913K, capacity 3496K, committed 3584K, reserved 1048576K
}
Event: 5.549 GC heap after
{Heap after GC invocations=9 (full 1):
 PSYoungGen      total 30720K, used 6739K [0x00000000eab00000, 0x00000000ed280000, 0x0000000100000000)
  eden space 23552K, 0% used [0x00000000eab00000,0x00000000eab00000,0x00000000ec200000)
  from space 7168K, 94% used [0x00000000ecb80000,0x00000000ed214eb8,0x00000000ed280000)
  to   space 7680K, 0% used [0x00000000ec380000,0x00000000ec380000,0x00000000ecb00000)
 ParOldGen       total 68608K, used 12751K [0x00000000c0000000, 0x00000000c4300000, 0x00000000eab00000)
  object space 68608K, 18% used [0x00000000c0000000,0x00000000c0c73d88,0x00000000c4300000)
 Metaspace       used 30456K, capacity 32239K, committed 32512K, reserved 1079296K
  class space    used 2913K, capacity 3496K, committed 3584K, reserved 1048576K
}
Event: 5.633 GC heap before
{Heap before GC invocations=10 (full 1):
 PSYoungGen      total 30720K, used 30291K [0x00000000eab00000, 0x00000000ed280000, 0x0000000100000000)
  eden space 23552K, 100% used [0x00000000eab00000,0x00000000ec200000,0x00000000ec200000)
  from space 7168K, 94% used [0x00000000ecb80000,0x00000000ed214eb8,0x00000000ed280000)
  to   space 7680K, 0% used [0x00000000ec380000,0x00000000ec380000,0x00000000ecb00000)
 ParOldGen       total 68608K, used 12751K [0x00000000c0000000, 0x00000000c4300000, 0x00000000eab00000)
  object space 68608K, 18% used [0x00000000c0000000,0x00000000c0c73d88,0x00000000c4300000)
 Metaspace       used 30456K, capacity 32239K, committed 32512K, reserved 1079296K
  class space    used 2913K, capacity 3496K, committed 3584K, reserved 1048576K
}
Event: 5.650 GC heap after
{Heap after GC invocations=10 (full 1):
 PSYoungGen      total 29696K, used 6240K [0x00000000eab00000, 0x00000000ece80000, 0x0000000100000000)
  eden space 23040K, 0% used [0x00000000eab00000,0x00000000eab00000,0x00000000ec180000)
  from space 6656K, 93% used [0x00000000ec380000,0x00000000ec998020,0x00000000eca00000)
  to   space 4608K, 0% used [0x00000000eca00000,0x00000000eca00000,0x00000000ece80000)
 ParOldGen       total 68608K, used 15275K [0x00000000c0000000, 0x00000000c4300000, 0x00000000eab00000)
  object space 68608K, 22% used [0x00000000c0000000,0x00000000c0eeac20,0x00000000c4300000)
 Metaspace       used 30456K, capacity 32239K, committed 32512K, reserved 1079296K
  class space    used 2913K, capacity 3496K, committed 3584K, reserved 1048576K
}
Event: 7.676 GC heap before
{Heap before GC invocations=11 (full 1):
 PSYoungGen      total 29696K, used 29280K [0x00000000eab00000, 0x00000000ece80000, 0x0000000100000000)
  eden space 23040K, 100% used [0x00000000eab00000,0x00000000ec180000,0x00000000ec180000)
  from space 6656K, 93% used [0x00000000ec380000,0x00000000ec998020,0x00000000eca00000)
  to   space 4608K, 0% used [0x00000000eca00000,0x00000000eca00000,0x00000000ece80000)
 ParOldGen       total 68608K, used 15275K [0x00000000c0000000, 0x00000000c4300000, 0x00000000eab00000)
  object space 68608K, 22% used [0x00000000c0000000,0x00000000c0eeac20,0x00000000c4300000)
 Metaspace       used 31810K, capacity 33778K, committed 33920K, reserved 1079296K
  class space    used 3033K, capacity 3689K, committed 3712K, reserved 1048576K
}
Event: 7.686 GC heap after
{Heap after GC invocations=11 (full 1):
 PSYoungGen      total 26624K, used 4580K [0x00000000eab00000, 0x00000000ed400000, 0x0000000100000000)
  eden space 22016K, 0% used [0x00000000eab00000,0x00000000eab00000,0x00000000ec080000)
  from space 4608K, 99% used [0x00000000eca00000,0x00000000ece793d0,0x00000000ece80000)
  to   space 9728K, 0% used [0x00000000ec080000,0x00000000ec080000,0x00000000eca00000)
 ParOldGen       total 68608K, used 19839K [0x00000000c0000000, 0x00000000c4300000, 0x00000000eab00000)
  object space 68608K, 28% used [0x00000000c0000000,0x00000000c135ff98,0x00000000c4300000)
 Metaspace       used 31810K, capacity 33778K, committed 33920K, reserved 1079296K
  class space    used 3033K, capacity 3689K, committed 3712K, reserved 1048576K
}
Event: 8.214 GC heap before
{Heap before GC invocations=12 (full 1):
 PSYoungGen      total 26624K, used 8461K [0x00000000eab00000, 0x00000000ed400000, 0x0000000100000000)
  eden space 22016K, 17% used [0x00000000eab00000,0x00000000eaeca288,0x00000000ec080000)
  from space 4608K, 99% used [0x00000000eca00000,0x00000000ece793d0,0x00000000ece80000)
  to   space 9728K, 0% used [0x00000000ec080000,0x00000000ec080000,0x00000000eca00000)
 ParOldGen       total 68608K, used 19839K [0x00000000c0000000, 0x00000000c4300000, 0x00000000eab00000)
  object space 68608K, 28% used [0x00000000c0000000,0x00000000c135ff98,0x00000000c4300000)
 Metaspace       used 33307K, capacity 35255K, committed 35328K, reserved 1081344K
  class space    used 3142K, capacity 3819K, committed 3840K, reserved 1048576K
}
Event: 8.238 GC heap after
{Heap after GC invocations=12 (full 1):
 PSYoungGen      total 22528K, used 372K [0x00000000eab00000, 0x00000000eca80000, 0x0000000100000000)
  eden space 22016K, 0% used [0x00000000eab00000,0x00000000eab00000,0x00000000ec080000)
  from space 512K, 72% used [0x00000000ec080000,0x00000000ec0dd320,0x00000000ec100000)
  to   space 4096K, 0% used [0x00000000ec680000,0x00000000ec680000,0x00000000eca80000)
 ParOldGen       total 68608K, used 24422K [0x00000000c0000000, 0x00000000c4300000, 0x00000000eab00000)
  object space 68608K, 35% used [0x00000000c0000000,0x00000000c17d9a20,0x00000000c4300000)
 Metaspace       used 33307K, capacity 35255K, committed 35328K, reserved 1081344K
  class space    used 3142K, capacity 3819K, committed 3840K, reserved 1048576K
}
Event: 8.238 GC heap before
{Heap before GC invocations=13 (full 2):
 PSYoungGen      total 22528K, used 372K [0x00000000eab00000, 0x00000000eca80000, 0x0000000100000000)
  eden space 22016K, 0% used [0x00000000eab00000,0x00000000eab00000,0x00000000ec080000)
  from space 512K, 72% used [0x00000000ec080000,0x00000000ec0dd320,0x00000000ec100000)
  to   space 4096K, 0% used [0x00000000ec680000,0x00000000ec680000,0x00000000eca80000)
 ParOldGen       total 68608K, used 24422K [0x00000000c0000000, 0x00000000c4300000, 0x00000000eab00000)
  object space 68608K, 35% used [0x00000000c0000000,0x00000000c17d9a20,0x00000000c4300000)
 Metaspace       used 33307K, capacity 35255K, committed 35328K, reserved 1081344K
  class space    used 3142K, capacity 3819K, committed 3840K, reserved 1048576K
}
Event: 8.893 GC heap after
{Heap after GC invocations=13 (full 2):
 PSYoungGen      total 22528K, used 0K [0x00000000eab00000, 0x00000000eca80000, 0x0000000100000000)
  eden space 22016K, 0% used [0x00000000eab00000,0x00000000eab00000,0x00000000ec080000)
  from space 512K, 0% used [0x00000000ec080000,0x00000000ec080000,0x00000000ec100000)
  to   space 4096K, 0% used [0x00000000ec680000,0x00000000ec680000,0x00000000eca80000)
 ParOldGen       total 68608K, used 24323K [0x00000000c0000000, 0x00000000c4300000, 0x00000000eab00000)
  object space 68608K, 35% used [0x00000000c0000000,0x00000000c17c0f78,0x00000000c4300000)
 Metaspace       used 33307K, capacity 35255K, committed 35328K, reserved 1081344K
  class space    used 3142K, capacity 3819K, committed 3840K, reserved 1048576K
}

